Connecting to database specified by database.yml
  [1m[36m (176.1ms)[0m  [1mCREATE TABLE `schema_migrations` (`version` varchar(255) NOT NULL) ENGINE=InnoDB[0m
  [1m[35m (276.2ms)[0m  CREATE UNIQUE INDEX `unique_schema_migrations` ON `schema_migrations` (`version`)
  [1m[36m (1.2ms)[0m  [1mSELECT `schema_migrations`.`version` FROM `schema_migrations` [0m
Migrating to CreateUsers (20130909082845)
  [1m[35m (107.4ms)[0m  CREATE TABLE `users` (`id` int(11) DEFAULT NULL auto_increment PRIMARY KEY, `first_name` varchar(255), `last_name` varchar(255), `email` varchar(255), `created_at` datetime NOT NULL, `updated_at` datetime NOT NULL) ENGINE=InnoDB
  [1m[36m (60.3ms)[0m  [1mINSERT INTO `schema_migrations` (`version`) VALUES ('20130909082845')[0m
Migrating to AddDeviseToUsers (20130909115315)
  [1m[35m (254.2ms)[0m  ALTER TABLE `users` ADD `encrypted_password` varchar(255) DEFAULT '' NOT NULL
  [1m[36m (275.5ms)[0m  [1mALTER TABLE `users` ADD `reset_password_token` varchar(255)[0m
  [1m[35m (275.5ms)[0m  ALTER TABLE `users` ADD `reset_password_sent_at` datetime
  [1m[36m (275.5ms)[0m  [1mALTER TABLE `users` ADD `remember_created_at` datetime[0m
  [1m[35m (363.2ms)[0m  ALTER TABLE `users` ADD `sign_in_count` int(11) DEFAULT 0 NOT NULL
  [1m[36m (275.6ms)[0m  [1mALTER TABLE `users` ADD `current_sign_in_at` datetime[0m
  [1m[35m (276.8ms)[0m  ALTER TABLE `users` ADD `last_sign_in_at` datetime
  [1m[36m (234.8ms)[0m  [1mALTER TABLE `users` ADD `current_sign_in_ip` varchar(255)[0m
  [1m[35m (275.7ms)[0m  ALTER TABLE `users` ADD `last_sign_in_ip` varchar(255)
  [1m[36m (305.2ms)[0m  [1mCREATE UNIQUE INDEX `index_users_on_email` ON `users` (`email`)[0m
  [1m[35m (295.1ms)[0m  CREATE UNIQUE INDEX `index_users_on_reset_password_token` ON `users` (`reset_password_token`)
  [1m[36m (50.3ms)[0m  [1mINSERT INTO `schema_migrations` (`version`) VALUES ('20130909115315')[0m
  [1m[35m (0.1ms)[0m  SELECT `schema_migrations`.`version` FROM `schema_migrations` 
Connecting to database specified by database.yml
